This is TeX, Version 3.14159 (Web2C 7.3.1) (format=latex 2002.8.30)  16 MAY 2004 21:27
**syllabation
(syllabation.tex
LaTeX2e <2001/06/01>
Babel <v3.7h> and hyphenation patterns for american, french, german, ngerman, b
asque, italian, portuges, russian, spanish, swedish, nohyphenation, loaded.
(/usr/share/texmf/tex/latex/base/article.cls
Document Class: article 2001/04/21 v1.4e Standard LaTeX document class
(/usr/share/texmf/tex/latex/base/size11.clo
File: size11.clo 2001/04/21 v1.4e Standard LaTeX file (size option)
)
\c@part=\count79
\c@section=\count80
\c@subsection=\count81
\c@subsubsection=\count82
\c@paragraph=\count83
\c@subparagraph=\count84
\c@figure=\count85
\c@table=\count86
\abovecaptionskip=\skip41
\belowcaptionskip=\skip42
\bibindent=\dimen102
)
(/usr/share/texmf/tex/latex/tools/verbatim.sty
Package: verbatim 2001/03/12 v1.5p LaTeX2e package for verbatim enhancements
\every@verbatim=\toks14
\verbatim@line=\toks15
\verbatim@in@stream=\read1
)
(/home/pallier/texmf/latex/moreverb.sty
Package: moreverb 1997/12/07 v2.2d.2 `more' verbatim facilities
\verbatim@out=\write3
\tab@position=\count87
\tab@size=\count88
\listing@line=\count89
)
(/usr/share/texmf/tex/latex/base/inputenc.sty
Package: inputenc 2001/07/10 v0.99a Input encoding file 

(/usr/share/texmf/tex/latex/base/latin1.def
File: latin1.def 2001/07/10 v0.99a Input encoding file 
))
(/usr/share/texmf/tex/latex/base/fontenc.sty
Package: fontenc 2001/06/05 v1.94 Standard LaTeX package

(/usr/share/texmf/tex/latex/base/t1enc.def
File: t1enc.def 2001/06/05 v1.94 Standard LaTeX file
LaTeX Font Info:    Redeclaring font encoding T1 on input line 38.
))
(/usr/share/texmf/tex/latex/psnfss/times.sty
Package: times 2001/06/04 PSNFSS-v8.2 (SPQR) 
)
(/home/pallier/texmf/latex/hyperref/hyperref.sty
Package: hyperref 1999/02/16 6.50 Hypertext links for LaTeX

(/usr/share/texmf/tex/latex/graphics/keyval.sty
Package: keyval 1999/03/16 v1.13 key=value parser (DPC)
\KV@toks@=\toks16
)
(/home/pallier/texmf/latex/hyperref/nameref.sty
Package: nameref 1997/11/24 Cross-referencing by name of section
)
\@linkdim=\dimen103

(/home/pallier/texmf/latex/hyperref/pd1enc.def
File: pd1enc.def 1998/10/28 v0.1 PDFDocEncoding (Heiko Oberdiek)
)
Package hyperref Info: Bookmarks ON on input line 444.
Package hyperref Info: Hyper figures OFF on input line 461.
Package hyperref Info: Link nesting OFF on input line 466.
Package hyperref Info: Hyper index ON on input line 469.
Package hyperref Info: Plain pages ON on input line 474.
Package hyperref Info: Backreferencing OFF on input line 481.

Implicit mode ON; LaTeX internals redefined
(/usr/share/texmf/tex/latex/misc/url.sty
\Urlmuskip=\muskip10
Package: url 1999/03/28  ver 1.5x  Verb mode for urls, etc.
)
\Fld@menulength=\count90
\Field@Width=\dimen104
\Fld@charsize=\dimen105
\Choice@toks=\toks17
\Field@toks=\toks18
Package hyperref Info: Hyper figures OFF on input line 950.
Package hyperref Info: Link nesting OFF on input line 955.
Package hyperref Info: Hyper index ON on input line 958.
Package hyperref Info: backreferencing OFF on input line 965.
Package hyperref Info: Link coloring OFF on input line 970.
\c@Item=\count91
\c@Hfootnote=\count92
\OddToc=\count93
LaTeX Info: Redefining \ref on input line 1525.
LaTeX Info: Redefining \pageref on input line 1526.
)
*hyperref using default driver hypertex*
(/home/pallier/texmf/latex/hyperref/hypertex.def) (syllabation.aux)
\openout1 = `syllabation.aux'.

LaTeX Font Info:    Checking defaults for OML/cmm/m/it on input line 18.
LaTeX Font Info:    ... okay on input line 18.
LaTeX Font Info:    Checking defaults for T1/cmr/m/n on input line 18.
LaTeX Font Info:    ... okay on input line 18.
LaTeX Font Info:    Checking defaults for OT1/cmr/m/n on input line 18.
LaTeX Font Info:    ... okay on input line 18.
LaTeX Font Info:    Checking defaults for OMS/cmsy/m/n on input line 18.
LaTeX Font Info:    ... okay on input line 18.
LaTeX Font Info:    Checking defaults for OMX/cmex/m/n on input line 18.
LaTeX Font Info:    ... okay on input line 18.
LaTeX Font Info:    Checking defaults for U/cmr/m/n on input line 18.
LaTeX Font Info:    ... okay on input line 18.
LaTeX Font Info:    Checking defaults for PD1/pdf/m/n on input line 18.
LaTeX Font Info:    ... okay on input line 18.
LaTeX Font Info:    Try loading font information for T1+ptm on input line 18.

(/usr/share/texmf/tex/latex/psnfss/t1ptm.fd
File: t1ptm.fd 2001/06/04 font definitions for T1/ptm.
)
Package hyperref Info: Link coloring OFF on input line 18.
LaTeX Font Info:    External font `cmex10' loaded for size
(Font)              <12> on input line 24.
LaTeX Font Info:    External font `cmex10' loaded for size
(Font)              <8> on input line 24.
LaTeX Font Info:    External font `cmex10' loaded for size
(Font)              <6> on input line 24.
LaTeX Font Info:    External font `cmex10' loaded for size
(Font)              <5> on input line 24.
LaTeX Font Info:    External font `cmex10' loaded for size
(Font)              <9> on input line 24.

Overfull \hbox (5.01889pt too wide) in paragraph at lines 26--29
[]\T1/ptm/m/n/10.95 Cette note décrit l'algorithme util-isé pour syl-laber (ou 
``syl-lab-i-fier'') les représen-
 []

LaTeX Font Info:    External font `cmex10' loaded for size
(Font)              <10.95> on input line 41.

LaTeX Warning: `!h' float specifier changed to `!ht'.

[1

] [2]
Underfull \hbox (badness 2735) in paragraph at lines 126--127
[]\T1/ptm/m/n/10.95 cadeau [ca-do], calot [ca-lo],
 []


Overfull \hbox (8.53592pt too wide) in paragraph at lines 133--133
[]$[]$| 
 []


Overfull \hbox (8.53592pt too wide) in paragraph at lines 135--135
[]$[]$| 
 []


Underfull \hbox (badness 10000) in paragraph at lines 135--137
[]\T1/ptm/m/n/10.95 capture [kap-ture], cos-tume
 []


Underfull \hbox (badness 10000) in paragraph at lines 135--137
\T1/ptm/m/n/10.95 [kos-tum], ga-lerie [gal-Ri],
 []


Underfull \hbox (badness 10000) in paragraph at lines 135--137
\T1/ptm/m/n/10.95 vieil-lerie, [vï_ï-Ri], at-las
 []


Underfull \hbox (badness 2865) in paragraph at lines 140--140
[]\T1/ptm/m/n/10.95 obstruer [op-stRy-é], oc-troyer
 []


Underfull \hbox (badness 10000) in paragraph at lines 121--156
[][]
 []

LaTeX Font Info:    Try loading font information for OMS+ptm on input line 163.

(/usr/share/texmf/tex/latex/psnfss/omsptm.fd
File: omsptm.fd 
)
LaTeX Font Info:    Font shape `OMS/ptm/m/n' in size <10.95> not available
(Font)              Font shape `OMS/cmsy/m/n' tried instead on input line 163.
 [3

]
LaTeX Font Info:    Font shape `T1/ptm/bx/n' in size <14.4> not available
(Font)              Font shape `T1/ptm/b/n' tried instead on input line 201.
LaTeX Font Info:    Try loading font information for T1+pcr on input line 203.

(/usr/share/texmf/tex/latex/psnfss/t1pcr.fd
File: t1pcr.fd 2001/06/04 font definitions for T1/pcr.
)
Overfull \hbox (30.0pt too wide) in paragraph at lines 227--227
[]       \T1/pcr/m/n/10 gawk -vphons=2 -vcode=brulex -f syllabation.awk brulex.
txt[] 
 []


Overfull \hbox (12.0pt too wide) in paragraph at lines 233--233
[]        \T1/pcr/m/n/10 gawk -vphons=2 -f syllabation.awk lexique260_graph.txt
[] 
 []


Overfull \hbox (15.5595pt too wide) in paragraph at lines 246--247
[]\T1/ptm/m/n/10.95 brulex.txt et lexique260$[]$graph.txt : fichiers con-tenant
 les formes or-thographique
 []

[4]
LaTeX Font Info:    Font shape `T1/pcr/bx/n' in size <14.4> not available
(Font)              Font shape `T1/pcr/b/n' tried instead on input line 258.

Overfull \hbox (477.0pt too wide) in paragraph at lines 263--263
[][] \T1/pcr/m/n/10 # This script reads a tab-separated file and syllabifies th
e columns pointed to by the variable'phons' (ot the first column, by default).[
] 
 []


Overfull \hbox (69.0pt too wide) in paragraph at lines 263--263
[][] \T1/pcr/m/n/10 # (original date: the first version of this script was writ
ten during[] 
 []


Overfull \hbox (39.0pt too wide) in paragraph at lines 263--263
[][] \T1/pcr/m/n/10 #             correction for the 'j'->'Z' (viellerie) in Le
xique[] 
 []


Overfull \hbox (597.0pt too wide) in paragraph at lines 263--263
[][] \T1/pcr/m/n/10 #             add rule '[td]R' (comment on 'autrefois' by S
prenger-Charolles)   # 2004/04/26: add rule with 5 consonnants (comment on 'exp
loit' by J. Goslin)[] 
 []


Overfull \hbox (33.0pt too wide) in paragraph at lines 263--263
[][] \T1/pcr/m/n/10 # Note: changed \377 into y-umlaut to run under DOS (bug ga
wk).[] 
 []


Overfull \hbox (63.0pt too wide) in paragraph at lines 263--263
[][]     \T1/pcr/m/n/10 C="[ptkbdgfs/vzjmnN¿]"; # consonants except liquids & s
emivowels[] 
 []


Overfull \hbox (81.0pt too wide) in paragraph at lines 263--263
[][]     \T1/pcr/m/n/10 C="[pbmfvtdnNkgszxSZGh]";  # Consonants except liquids 
& semivowels[] 
 []

[5]
Overfull \hbox (117.0pt too wide) in paragraph at lines 263--263
[][]     \T1/pcr/m/n/10 X="[pbmfvtdnNkgszSZGlRrhxGj8w]";   # all consonants, in
cluding semivowels[] 
 []


Overfull \hbox (3.0pt too wide) in paragraph at lines 263--263
[][] \T1/pcr/m/n/10 # suppress the final schwa (^) in some multisyllabic words[
] 
 []

[6] [7] (syllabation.aux) ) 
Here is how much of TeX's memory you used:
 1694 strings out of 20839
 20683 string characters out of 194961
 67019 words of memory out of 350001
 4671 multiletter control sequences out of 10000+15000
 26499 words of font info for 43 fonts, out of 400000 for 1000
 26 hyphenation exceptions out of 1000
 30i,13n,21p,212b,364s stack positions out of 1500i,100n,500p,200000b,4000s

Output written on syllabation.dvi (7 pages, 16824 bytes).
